Starting enrichment analysis pipeline
Input file: hsa_prueba.csv
Organism: hsa
KEGG IDs mode: False
Loading gene table...
Loaded 5 rows
Extracting gene IDs...
Found 5 unique gene IDs
Converting NCBI to KEGG IDs...
Converted 5 IDs
Gene IDs table saved: ../results/EN/gene_ids_table.csv
Running enrichment analysis...
Using 5 KEGG IDs: ['795', '835', '836', '837', '838']...
Found 50 enriched pathways
Results saved: ../results/EN/enrichment_results.csv
Generating plots...
Plot saved: ../results/EN/enrichment_bars.png
Comparison plot saved: ../results/EN/enrichment_comparison.png
Pipeline completed successfully
Starting enrichment analysis pipeline
Input file: hsa_prueba.csv
Organism: hsa
KEGG IDs mode: False
Loading gene table...
Loaded 5 rows
Extracting gene IDs...
Found 5 unique gene IDs
Converting NCBI to KEGG IDs...
Converted 5 IDs
Gene IDs table saved: ../results/EN/gene_ids_table.csv
Running enrichment analysis...
Using 5 KEGG IDs: ['795', '835', '836', '837', '838']...
Found 50 enriched pathways
Results saved: ../results/EN/enrichment_results.csv
Generating plots...
Plot saved: ../results/EN/enrichment_bars.png
Pipeline completed successfully
Starting enrichment analysis pipeline
Input file: hsa_prueba.csv
Organism: hsa
KEGG IDs mode: False
Loading gene table...
Loaded 5 rows
Extracting gene IDs...
Found 5 unique gene IDs
Converting NCBI to KEGG IDs...
Converted 5 IDs
Gene IDs table saved: ../results/EN/gene_ids_table.csv
Running enrichment analysis...
Using 5 KEGG IDs: ['795', '835', '836', '837', '838']...
Found 50 enriched pathways
Results saved: ../results/EN/enrichment_results.csv
Generating plots...
Plot saved: ../results/EN/enrichment_bars.png
Pipeline completed successfully
